<?xml version="1.0" encoding="UTF-8"?>
<!-- Generated by org.testng.reporters.JUnitReportReporter -->
<testsuite hostname="DESKTOP-T0OND4L" failures="0" tests="1" name="VTiger.organizations.tests.SendMailToOrgTest" time="40.519" errors="0" timestamp="2023-04-09T11:55:10 IST" skipped="0">
  <testcase classname="VTiger.organizations.tests.SendMailToOrgTest" name="test" time="40.519"/>
  <system-out/>
</testsuite> <!-- VTiger.organizations.tests.SendMailToOrgTest -->
