<?xml version="1.0" encoding="UTF-8"?>
<!-- Generated by org.testng.reporters.JUnitReportReporter -->
<testsuite hostname="DESKTOP-T0OND4L" failures="0" tests="2" name="VTiger.practice.DataProviderPractice" time="0.012" errors="0" timestamp="2023-03-27T10:47:46 IST" skipped="0">
  <testcase classname="VTiger.practice.DataProviderPractice" name="addToCart" time="0.003"/>
  <system-out/>
  <testcase classname="VTiger.practice.DataProviderPractice" name="addToCart" time="0.009"/>
  <system-out/>
</testsuite> <!-- VTiger.practice.DataProviderPractice -->
