<?xml version="1.0" encoding="UTF-8"?>
<!-- Generated by org.testng.reporters.JUnitReportReporter -->
<testsuite hostname="DESKTOP-T0OND4L" failures="0" tests="3" name="VTiger.practice.RetryAnalyserPractice" time="0.025" errors="0" timestamp="2023-04-04T11:12:49 IST" skipped="2">
  <testcase classname="VTiger.practice.RetryAnalyserPractice" name="sample" time="0.007"/>
  <system-out/>
  <testcase classname="VTiger.practice.RetryAnalyserPractice" name="sample" time="0.015">
    <skipped/>
  </testcase> <!-- sample -->
  <system-out/>
  <testcase classname="VTiger.practice.RetryAnalyserPractice" name="sample" time="0.003">
    <skipped/>
  </testcase> <!-- sample -->
  <system-out/>
</testsuite> <!-- VTiger.practice.RetryAnalyserPractice -->
