<?xml version="1.0" encoding="UTF-8"?>
<!-- Generated by org.testng.reporters.JUnitReportReporter -->
<testsuite hostname="DESKTOP-T0OND4L" failures="0" tests="1" name="VTiger.practice.GetAllWindowNames" time="0.000" errors="0" timestamp="2023-04-10T16:24:21 IST" skipped="1">
  <testcase classname="VTiger.practice.GetAllWindowNames" name="testScript1" time="0.000">
    <skipped/>
  </testcase> <!-- testScript1 -->
  <system-out/>
</testsuite> <!-- VTiger.practice.GetAllWindowNames -->
