<?xml version="1.0" encoding="UTF-8"?>
<!-- Generated by org.testng.reporters.JUnitReportReporter -->
<testsuite hostname="DESKTOP-T0OND4L" failures="0" tests="2" name="VTiger.practice.RandomClassPractice" time="0.012" errors="0" timestamp="2023-03-24T11:19:27 IST" skipped="1">
  <testcase classname="VTiger.practice.RandomClassPractice" name="m2" time="0.012"/>
  <system-out/>
  <testcase classname="VTiger.practice.RandomClassPractice" name="m3">
    <skipped/>
  </testcase> <!-- m3 -->
  <system-out/>
</testsuite> <!-- VTiger.practice.RandomClassPractice -->
