<?xml version="1.0" encoding="UTF-8"?>
<!-- Generated by org.testng.reporters.JUnitReportReporter -->
<testsuite hostname="DESKTOP-T0OND4L" failures="0" tests="1" name="VTiger.practice.Senario2" time="73.539" errors="0" timestamp="2023-03-09T08:18:28 IST" skipped="0">
  <testcase classname="VTiger.practice.Senario2" name="m1" time="73.539"/>
  <system-out/>
</testsuite> <!-- VTiger.practice.Senario2 -->
